#-----------------------------------------------------------
# Vivado v2021.1 (64-bit)
# SW Build 3247384 on Thu Jun 10 19:36:33 MDT 2021
# IP Build 3246043 on Fri Jun 11 00:30:35 MDT 2021
# Start of session at: Wed Oct 20 14:04:48 2021
# Process ID: 13452
# Current directory: C:/Users/tiago/OneDrive/Desktop/Universidade/Mestrado/PSD/Laboratorios/Lab1/project_1
# Command line: vivado.exe -gui_launcher_event rodinguilauncherevent10328 C:\Users\tiago\OneDrive\Desktop\Universidade\Mestrado\PSD\Laboratorios\Lab1\project_1\project_1.xpr
# Log file: C:/Users/tiago/OneDrive/Desktop/Universidade/Mestrado/PSD/Laboratorios/Lab1/project_1/vivado.log
# Journal file: C:/Users/tiago/OneDrive/Desktop/Universidade/Mestrado/PSD/Laboratorios/Lab1/project_1\vivado.jou
#-----------------------------------------------------------
start_gui
open_project C:/Users/tiago/OneDrive/Desktop/Universidade/Mestrado/PSD/Laboratorios/Lab1/project_1/project_1.xpr
INFO: [ProjectBase 1-489] The host OS only allows 260 characters in a normal path. The project is stored in a path with more than 80 characters. If you experience issues with IP, Block Designs, or files not being found, please consider moving the project to a location with a shorter path. Alternately consider using the OS subst command to map part of the path to a drive letter.
Current project path is 'C:/Users/tiago/OneDrive/Desktop/Universidade/Mestrado/PSD/Laboratorios/Lab1/project_1'
WARNING: [filemgmt 56-3] Default IP Output Path : Could not find the directory 'C:/Users/tiago/OneDrive/Desktop/Universidade/Mestrado/PSD/Laboratorios/Lab1/project_1/project_1.gen/sources_1'.
Scanning sources...
Finished scanning sources
INFO: [IP_Flow 19-234] Refreshing IP repositories
INFO: [IP_Flow 19-1704] No user IP repositories specified
INFO: [IP_Flow 19-2313] Loaded Vivado IP repository 'D:/Xilinx/Vivado/2021.1/data/ip'.
open_project: Time (s): cpu = 00:00:14 ; elapsed = 00:00:07 . Memory (MB): peak = 1135.523 ; gain = 0.000
update_compile_order -fileset sources_1
archive_project C:/Users/tiago/OneDrive/Desktop/Universidade/Mestrado/PSD/Laboratorios/Lab1/project_1.xpr.zip -temp_dir C:/Users/tiago/OneDrive/Desktop/Universidade/Mestrado/PSD/Laboratorios/Lab1/project_1/.Xil/Vivado-13452-DESKTOP-G74GFK5 -force -include_local_ip_cache
INFO: [Coretcl 2-137] starting archive...
INFO: [Coretcl 2-1499] Saving project copy to temporary location 'C:/Users/tiago/OneDrive/Desktop/Universidade/Mestrado/PSD/Laboratorios/Lab1/project_1/.Xil/Vivado-13452-DESKTOP-G74GFK5' for archiving project
INFO: [ProjectBase 1-489] The host OS only allows 260 characters in a normal path. The project is stored in a path with more than 80 characters. If you experience issues with IP, Block Designs, or files not being found, please consider moving the project to a location with a shorter path. Alternately consider using the OS subst command to map part of the path to a drive letter.
Current project path is 'C:/Users/tiago/OneDrive/Desktop/Universidade/Mestrado/PSD/Laboratorios/Lab1/project_1'
WARNING: [filemgmt 56-3] Default IP Output Path : Could not find the directory 'C:/Users/tiago/OneDrive/Desktop/Universidade/Mestrado/PSD/Laboratorios/Lab1/project_1/project_1.gen/sources_1'.
Scanning sources...
Finished scanning sources
INFO: [Coretcl 2-1211] Creating project copy for archival...
INFO: [ProjectBase 1-495] The host OS only allows 260 characters in a normal path. The project is stored in a path with more than 80 characters. If you experience any problem with archiving the project, please consider setting environment variable $TEMP to a shorter path.
Current project path is 'C:/Users/tiago/OneDrive/Desktop/Universidade/Mestrado/PSD/Laboratorios/Lab1/project_1/.Xil/Vivado-13452-DESKTOP-G74GFK5/PrjAr/_X_'.
INFO: [Coretcl 2-1213] Including run results for 'synth_1'
INFO: [Coretcl 2-1213] Including run results for 'impl_1'
INFO: [Coretcl 2-1212] Importing remotely added design sources and verilog include files (if any)...
INFO: [filemgmt 20-348] Importing the appropriate files for fileset: 'constrs_1'
INFO: [filemgmt 20-334] All file(s) are already imported in fileset: 'sim_1'
INFO: [filemgmt 20-348] Importing the appropriate files for fileset: 'sim_1'
INFO: [filemgmt 20-334] All file(s) are already imported in fileset: 'sources_1'
INFO: [filemgmt 20-348] Importing the appropriate files for fileset: 'sources_1'
