#-----------------------------------------------------------
# Vivado v2021.1 (64-bit)
# SW Build 3247384 on Thu Jun 10 19:36:33 MDT 2021
# IP Build 3246043 on Fri Jun 11 00:30:35 MDT 2021
# Start of session at: Tue Nov  2 23:02:55 2021
# Process ID: 22212
# Current directory: C:/Users/tiago/AppData/Roaming/Xilinx/Vivado
# Command line: vivado.exe -gui_launcher_event rodinguilauncherevent17668
# Log file: C:/Users/tiago/AppData/Roaming/Xilinx/Vivado/vivado.log
# Journal file: C:/Users/tiago/AppData/Roaming/Xilinx/Vivado\vivado.jou
#-----------------------------------------------------------
start_gui
open_project C:/Users/tiago/OneDrive/Desktop/Universidade/Mestrado/PSD/Laboratorios/Lab2/project_2/project_2.xpr
INFO: [ProjectBase 1-489] The host OS only allows 260 characters in a normal path. The project is stored in a path with more than 80 characters. If you experience issues with IP, Block Designs, or files not being found, please consider moving the project to a location with a shorter path. Alternately consider using the OS subst command to map part of the path to a drive letter.
Current project path is 'C:/Users/tiago/OneDrive/Desktop/Universidade/Mestrado/PSD/Laboratorios/Lab2/project_2'
WARNING: [filemgmt 56-3] Default IP Output Path : Could not find the directory 'C:/Users/tiago/OneDrive/Desktop/Universidade/Mestrado/PSD/Laboratorios/Lab2/project_2/project_2.gen/sources_1'.
Scanning sources...
Finished scanning sources
INFO: [IP_Flow 19-234] Refreshing IP repositories
INFO: [IP_Flow 19-1704] No user IP repositories specified
INFO: [IP_Flow 19-2313] Loaded Vivado IP repository 'D:/Xilinx/Vivado/2021.1/data/ip'.
open_project: Time (s): cpu = 00:00:16 ; elapsed = 00:00:08 . Memory (MB): peak = 1136.090 ; gain = 0.000
update_compile_order -fileset sources_1
archive_project C:/Users/tiago/OneDrive/Desktop/Universidade/Mestrado/PSD/Laboratorios/Lab2/project_2.xpr.zip -temp_dir C:/Users/tiago/AppData/Roaming/Xilinx/Vivado/.Xil/Vivado-22212-DESKTOP-G74GFK5 -force -include_local_ip_cache
INFO: [Coretcl 2-137] starting archive...
INFO: [Coretcl 2-1499] Saving project copy to temporary location 'C:/Users/tiago/AppData/Roaming/Xilinx/Vivado/.Xil/Vivado-22212-DESKTOP-G74GFK5' for archiving project
INFO: [ProjectBase 1-489] The host OS only allows 260 characters in a normal path. The project is stored in a path with more than 80 characters. If you experience issues with IP, Block Designs, or files not being found, please consider moving the project to a location with a shorter path. Alternately consider using the OS subst command to map part of the path to a drive letter.
Current project path is 'C:/Users/tiago/OneDrive/Desktop/Universidade/Mestrado/PSD/Laboratorios/Lab2/project_2'
WARNING: [filemgmt 56-3] Default IP Output Path : Could not find the directory 'C:/Users/tiago/OneDrive/Desktop/Universidade/Mestrado/PSD/Laboratorios/Lab2/project_2/project_2.gen/sources_1'.
Scanning sources...
Finished scanning sources
INFO: [Coretcl 2-1211] Creating project copy for archival...
INFO: [ProjectBase 1-495] The host OS only allows 260 characters in a normal path. The project is stored in a path with more than 80 characters. If you experience any problem with archiving the project, please consider setting environment variable $TEMP to a shorter path.
Current project path is 'C:/Users/tiago/AppData/Roaming/Xilinx/Vivado/.Xil/Vivado-22212-DESKTOP-G74GFK5/PrjAr/_X_'.
INFO: [Coretcl 2-1213] Including run results for 'synth_1'
INFO: [Coretcl 2-1213] Including run results for 'impl_1'
