
*** Running vivado
    with args -log circuit.vds -m64 -product Vivado -mode batch -messageDb vivado.pb -notrace -source circuit.tcl



****** Vivado v2021.1 (64-bit)
  **** SW Build 3247384 on Thu Jun 10 19:36:33 MDT 2021
  **** IP Build 3246043 on Fri Jun 11 00:30:35 MDT 2021
    ** Copyright 1986-2021 Xilinx, Inc. All Rights Reserved.

source circuit.tcl -notrace
Command: synth_design -top circuit -part xc7a35tcpg236-1
Starting synth_design
Attempting to get a license for feature 'Synthesis' and/or device 'xc7a35t'
INFO: [Common 17-349] Got license for feature 'Synthesis' and/or device 'xc7a35t'
INFO: [Device 21-403] Loading part xc7a35tcpg236-1
INFO: [Synth 8-7079] Multithreading enabled for synth_design using a maximum of 2 processes.
INFO: [Synth 8-7078] Launching helper process for spawning children vivado processes
INFO: [Synth 8-7075] Helper process launched with PID 16580
---------------------------------------------------------------------------------
Starting RTL Elaboration : Time (s): cpu = 00:00:03 ; elapsed = 00:00:04 . Memory (MB): peak = 1168.875 ; gain = 0.000
---------------------------------------------------------------------------------
WARNING: [Synth 8-1565] actual for formal port en is neither a static name nor a globally static expression [C:/Users/tiago/OneDrive/Desktop/Universidade/Mestrado/PSD/Laboratorios/Lab2/project_2/project_2.srcs/sources_1/imports/new/circuit.vhd:83]
INFO: [Synth 8-638] synthesizing module 'circuit' [C:/Users/tiago/OneDrive/Desktop/Universidade/Mestrado/PSD/Laboratorios/Lab2/project_2/project_2.srcs/sources_1/imports/new/circuit.vhd:41]
INFO: [Synth 8-3491] module 'control' declared at 'C:/Users/tiago/OneDrive/Desktop/Universidade/Mestrado/PSD/Laboratorios/Lab2/project_2/project_2.srcs/sources_1/imports/new/control.vhd:9' bound to instance 'inst_control' of component 'control' [C:/Users/tiago/OneDrive/Desktop/Universidade/Mestrado/PSD/Laboratorios/Lab2/project_2/project_2.srcs/sources_1/imports/new/circuit.vhd:64]
INFO: [Synth 8-638] synthesizing module 'control' [C:/Users/tiago/OneDrive/Desktop/Universidade/Mestrado/PSD/Laboratorios/Lab2/project_2/project_2.srcs/sources_1/imports/new/control.vhd:17]
INFO: [Synth 8-256] done synthesizing module 'control' (1#1) [C:/Users/tiago/OneDrive/Desktop/Universidade/Mestrado/PSD/Laboratorios/Lab2/project_2/project_2.srcs/sources_1/imports/new/control.vhd:17]
INFO: [Synth 8-3491] module 'datapath' declared at 'C:/Users/tiago/OneDrive/Desktop/Universidade/Mestrado/PSD/Laboratorios/Lab2/project_2/project_2.srcs/sources_1/imports/new/datapath.vhd:26' bound to instance 'inst_datapath' of component 'datapath' [C:/Users/tiago/OneDrive/Desktop/Universidade/Mestrado/PSD/Laboratorios/Lab2/project_2/project_2.srcs/sources_1/imports/new/circuit.vhd:71]
INFO: [Synth 8-638] synthesizing module 'datapath' [C:/Users/tiago/OneDrive/Desktop/Universidade/Mestrado/PSD/Laboratorios/Lab2/project_2/project_2.srcs/sources_1/imports/new/datapath.vhd:34]
INFO: [Synth 8-256] done synthesizing module 'datapath' (2#1) [C:/Users/tiago/OneDrive/Desktop/Universidade/Mestrado/PSD/Laboratorios/Lab2/project_2/project_2.srcs/sources_1/imports/new/datapath.vhd:34]
INFO: [Synth 8-256] done synthesizing module 'circuit' (3#1) [C:/Users/tiago/OneDrive/Desktop/Universidade/Mestrado/PSD/Laboratorios/Lab2/project_2/project_2.srcs/sources_1/imports/new/circuit.vhd:41]
---------------------------------------------------------------------------------
Finished RTL Elaboration : Time (s): cpu = 00:00:04 ; elapsed = 00:00:05 . Memory (MB): peak = 1168.875 ; gain = 0.000
---------------------------------------------------------------------------------
---------------------------------------------------------------------------------
Start Handling Custom Attributes
---------------------------------------------------------------------------------
---------------------------------------------------------------------------------
Finished Handling Custom Attributes : Time (s): cpu = 00:00:05 ; elapsed = 00:00:05 . Memory (MB): peak = 1168.875 ; gain = 0.000
---------------------------------------------------------------------------------
---------------------------------------------------------------------------------
Finished RTL Optimization Phase 1 : Time (s): cpu = 00:00:05 ; elapsed = 00:00:05 . Memory (MB): peak = 1168.875 ; gain = 0.000
---------------------------------------------------------------------------------
Netlist sorting complete. Time (s): cpu = 00:00:00 ; elapsed = 00:00:00.004 . Memory (MB): peak = 1168.875 ; gain = 0.000
INFO: [Project 1-570] Preparing netlist for logic optimization

Processing XDC Constraints
Initializing timing engine
Parsing XDC File [C:/Users/tiago/OneDrive/Desktop/Universidade/Mestrado/PSD/Laboratorios/Lab2/project_2/project_2.srcs/constrs_1/imports/Lab0/Basys3_Master.xdc]
WARNING: [Vivado 12-584] No ports matched 'sw[0]'. [C:/Users/tiago/OneDrive/Desktop/Universidade/Mestrado/PSD/Laboratorios/Lab2/project_2/project_2.srcs/constrs_1/imports/Lab0/Basys3_Master.xdc:12]
CRITICAL WARNING: [Common 17-55] 'set_property' expects at least one object. [C:/Users/tiago/OneDrive/Desktop/Universidade/Mestrado/PSD/Laboratorios/Lab2/project_2/project_2.srcs/constrs_1/imports/Lab0/Basys3_Master.xdc:12]
Resolution: If [get_<value>] was used to populate the object, check to make sure this command returns at least one valid object.
WARNING: [Vivado 12-584] No ports matched 'sw[0]'. [C:/Users/tiago/OneDrive/Desktop/Universidade/Mestrado/PSD/Laboratorios/Lab2/project_2/project_2.srcs/constrs_1/imports/Lab0/Basys3_Master.xdc:13]
CRITICAL WARNING: [Common 17-55] 'set_property' expects at least one object. [C:/Users/tiago/OneDrive/Desktop/Universidade/Mestrado/PSD/Laboratorios/Lab2/project_2/project_2.srcs/constrs_1/imports/Lab0/Basys3_Master.xdc:13]
Resolution: If [get_<value>] was used to populate the object, check to make sure this command returns at least one valid object.
WARNING: [Vivado 12-584] No ports matched 'sw[1]'. [C:/Users/tiago/OneDrive/Desktop/Universidade/Mestrado/PSD/Laboratorios/Lab2/project_2/project_2.srcs/constrs_1/imports/Lab0/Basys3_Master.xdc:14]
CRITICAL WARNING: [Common 17-55] 'set_property' expects at least one object. [C:/Users/tiago/OneDrive/Desktop/Universidade/Mestrado/PSD/Laboratorios/Lab2/project_2/project_2.srcs/constrs_1/imports/Lab0/Basys3_Master.xdc:14]
Resolution: If [get_<value>] was used to populate the object, check to make sure this command returns at least one valid object.
WARNING: [Vivado 12-584] No ports matched 'sw[1]'. [C:/Users/tiago/OneDrive/Desktop/Universidade/Mestrado/PSD/Laboratorios/Lab2/project_2/project_2.srcs/constrs_1/imports/Lab0/Basys3_Master.xdc:15]
CRITICAL WARNING: [Common 17-55] 'set_property' expects at least one object. [C:/Users/tiago/OneDrive/Desktop/Universidade/Mestrado/PSD/Laboratorios/Lab2/project_2/project_2.srcs/constrs_1/imports/Lab0/Basys3_Master.xdc:15]
Resolution: If [get_<value>] was used to populate the object, check to make sure this command returns at least one valid object.
WARNING: [Vivado 12-584] No ports matched 'sw[2]'. [C:/Users/tiago/OneDrive/Desktop/Universidade/Mestrado/PSD/Laboratorios/Lab2/project_2/project_2.srcs/constrs_1/imports/Lab0/Basys3_Master.xdc:16]
CRITICAL WARNING: [Common 17-55] 'set_property' expects at least one object. [C:/Users/tiago/OneDrive/Desktop/Universidade/Mestrado/PSD/Laboratorios/Lab2/project_2/project_2.srcs/constrs_1/imports/Lab0/Basys3_Master.xdc:16]
Resolution: If [get_<value>] was used to populate the object, check to make sure this command returns at least one valid object.
WARNING: [Vivado 12-584] No ports matched 'sw[2]'. [C:/Users/tiago/OneDrive/Desktop/Universidade/Mestrado/PSD/Laboratorios/Lab2/project_2/project_2.srcs/constrs_1/imports/Lab0/Basys3_Master.xdc:17]
CRITICAL WARNING: [Common 17-55] 'set_property' expects at least one object. [C:/Users/tiago/OneDrive/Desktop/Universidade/Mestrado/PSD/Laboratorios/Lab2/project_2/project_2.srcs/constrs_1/imports/Lab0/Basys3_Master.xdc:17]
Resolution: If [get_<value>] was used to populate the object, check to make sure this command returns at least one valid object.
WARNING: [Vivado 12-584] No ports matched 'sw[3]'. [C:/Users/tiago/OneDrive/Desktop/Universidade/Mestrado/PSD/Laboratorios/Lab2/project_2/project_2.srcs/constrs_1/imports/Lab0/Basys3_Master.xdc:18]
CRITICAL WARNING: [Common 17-55] 'set_property' expects at least one object. [C:/Users/tiago/OneDrive/Desktop/Universidade/Mestrado/PSD/Laboratorios/Lab2/project_2/project_2.srcs/constrs_1/imports/Lab0/Basys3_Master.xdc:18]
Resolution: If [get_<value>] was used to populate the object, check to make sure this command returns at least one valid object.
WARNING: [Vivado 12-584] No ports matched 'sw[3]'. [C:/Users/tiago/OneDrive/Desktop/Universidade/Mestrado/PSD/Laboratorios/Lab2/project_2/project_2.srcs/constrs_1/imports/Lab0/Basys3_Master.xdc:19]
CRITICAL WARNING: [Common 17-55] 'set_property' expects at least one object. [C:/Users/tiago/OneDrive/Desktop/Universidade/Mestrado/PSD/Laboratorios/Lab2/project_2/project_2.srcs/constrs_1/imports/Lab0/Basys3_Master.xdc:19]
Resolution: If [get_<value>] was used to populate the object, check to make sure this command returns at least one valid object.
WARNING: [Vivado 12-584] No ports matched 'sw[4]'. [C:/Users/tiago/OneDrive/Desktop/Universidade/Mestrado/PSD/Laboratorios/Lab2/project_2/project_2.srcs/constrs_1/imports/Lab0/Basys3_Master.xdc:20]
CRITICAL WARNING: [Common 17-55] 'set_property' expects at least one object. [C:/Users/tiago/OneDrive/Desktop/Universidade/Mestrado/PSD/Laboratorios/Lab2/project_2/project_2.srcs/constrs_1/imports/Lab0/Basys3_Master.xdc:20]
Resolution: If [get_<value>] was used to populate the object, check to make sure this command returns at least one valid object.
WARNING: [Vivado 12-584] No ports matched 'sw[4]'. [C:/Users/tiago/OneDrive/Desktop/Universidade/Mestrado/PSD/Laboratorios/Lab2/project_2/project_2.srcs/constrs_1/imports/Lab0/Basys3_Master.xdc:21]
CRITICAL WARNING: [Common 17-55] 'set_property' expects at least one object. [C:/Users/tiago/OneDrive/Desktop/Universidade/Mestrado/PSD/Laboratorios/Lab2/project_2/project_2.srcs/constrs_1/imports/Lab0/Basys3_Master.xdc:21]
Resolution: If [get_<value>] was used to populate the object, check to make sure this command returns at least one valid object.
WARNING: [Vivado 12-584] No ports matched 'sw[5]'. [C:/Users/tiago/OneDrive/Desktop/Universidade/Mestrado/PSD/Laboratorios/Lab2/project_2/project_2.srcs/constrs_1/imports/Lab0/Basys3_Master.xdc:22]
CRITICAL WARNING: [Common 17-55] 'set_property' expects at least one object. [C:/Users/tiago/OneDrive/Desktop/Universidade/Mestrado/PSD/Laboratorios/Lab2/project_2/project_2.srcs/constrs_1/imports/Lab0/Basys3_Master.xdc:22]
Resolution: If [get_<value>] was used to populate the object, check to make sure this command returns at least one valid object.
WARNING: [Vivado 12-584] No ports matched 'sw[5]'. [C:/Users/tiago/OneDrive/Desktop/Universidade/Mestrado/PSD/Laboratorios/Lab2/project_2/project_2.srcs/constrs_1/imports/Lab0/Basys3_Master.xdc:23]
CRITICAL WARNING: [Common 17-55] 'set_property' expects at least one object. [C:/Users/tiago/OneDrive/Desktop/Universidade/Mestrado/PSD/Laboratorios/Lab2/project_2/project_2.srcs/constrs_1/imports/Lab0/Basys3_Master.xdc:23]
Resolution: If [get_<value>] was used to populate the object, check to make sure this command returns at least one valid object.
WARNING: [Vivado 12-584] No ports matched 'sw[6]'. [C:/Users/tiago/OneDrive/Desktop/Universidade/Mestrado/PSD/Laboratorios/Lab2/project_2/project_2.srcs/constrs_1/imports/Lab0/Basys3_Master.xdc:24]
CRITICAL WARNING: [Common 17-55] 'set_property' expects at least one object. [C:/Users/tiago/OneDrive/Desktop/Universidade/Mestrado/PSD/Laboratorios/Lab2/project_2/project_2.srcs/constrs_1/imports/Lab0/Basys3_Master.xdc:24]
Resolution: If [get_<value>] was used to populate the object, check to make sure this command returns at least one valid object.
WARNING: [Vivado 12-584] No ports matched 'sw[6]'. [C:/Users/tiago/OneDrive/Desktop/Universidade/Mestrado/PSD/Laboratorios/Lab2/project_2/project_2.srcs/constrs_1/imports/Lab0/Basys3_Master.xdc:25]
CRITICAL WARNING: [Common 17-55] 'set_property' expects at least one object. [C:/Users/tiago/OneDrive/Desktop/Universidade/Mestrado/PSD/Laboratorios/Lab2/project_2/project_2.srcs/constrs_1/imports/Lab0/Basys3_Master.xdc:25]
Resolution: If [get_<value>] was used to populate the object, check to make sure this command returns at least one valid object.
WARNING: [Vivado 12-584] No ports matched 'sw[7]'. [C:/Users/tiago/OneDrive/Desktop/Universidade/Mestrado/PSD/Laboratorios/Lab2/project_2/project_2.srcs/constrs_1/imports/Lab0/Basys3_Master.xdc:26]
CRITICAL WARNING: [Common 17-55] 'set_property' expects at least one object. [C:/Users/tiago/OneDrive/Desktop/Universidade/Mestrado/PSD/Laboratorios/Lab2/project_2/project_2.srcs/constrs_1/imports/Lab0/Basys3_Master.xdc:26]
Resolution: If [get_<value>] was used to populate the object, check to make sure this command returns at least one valid object.
WARNING: [Vivado 12-584] No ports matched 'sw[7]'. [C:/Users/tiago/OneDrive/Desktop/Universidade/Mestrado/PSD/Laboratorios/Lab2/project_2/project_2.srcs/constrs_1/imports/Lab0/Basys3_Master.xdc:27]
CRITICAL WARNING: [Common 17-55] 'set_property' expects at least one object. [C:/Users/tiago/OneDrive/Desktop/Universidade/Mestrado/PSD/Laboratorios/Lab2/project_2/project_2.srcs/constrs_1/imports/Lab0/Basys3_Master.xdc:27]
Resolution: If [get_<value>] was used to populate the object, check to make sure this command returns at least one valid object.
WARNING: [Vivado 12-584] No ports matched 'sw[8]'. [C:/Users/tiago/OneDrive/Desktop/Universidade/Mestrado/PSD/Laboratorios/Lab2/project_2/project_2.srcs/constrs_1/imports/Lab0/Basys3_Master.xdc:28]
CRITICAL WARNING: [Common 17-55] 'set_property' expects at least one object. [C:/Users/tiago/OneDrive/Desktop/Universidade/Mestrado/PSD/Laboratorios/Lab2/project_2/project_2.srcs/constrs_1/imports/Lab0/Basys3_Master.xdc:28]
Resolution: If [get_<value>] was used to populate the object, check to make sure this command returns at least one valid object.
WARNING: [Vivado 12-584] No ports matched 'sw[8]'. [C:/Users/tiago/OneDrive/Desktop/Universidade/Mestrado/PSD/Laboratorios/Lab2/project_2/project_2.srcs/constrs_1/imports/Lab0/Basys3_Master.xdc:29]
CRITICAL WARNING: [Common 17-55] 'set_property' expects at least one object. [C:/Users/tiago/OneDrive/Desktop/Universidade/Mestrado/PSD/Laboratorios/Lab2/project_2/project_2.srcs/constrs_1/imports/Lab0/Basys3_Master.xdc:29]
Resolution: If [get_<value>] was used to populate the object, check to make sure this command returns at least one valid object.
WARNING: [Vivado 12-584] No ports matched 'sw[9]'. [C:/Users/tiago/OneDrive/Desktop/Universidade/Mestrado/PSD/Laboratorios/Lab2/project_2/project_2.srcs/constrs_1/imports/Lab0/Basys3_Master.xdc:30]
CRITICAL WARNING: [Common 17-55] 'set_property' expects at least one object. [C:/Users/tiago/OneDrive/Desktop/Universidade/Mestrado/PSD/Laboratorios/Lab2/project_2/project_2.srcs/constrs_1/imports/Lab0/Basys3_Master.xdc:30]
Resolution: If [get_<value>] was used to populate the object, check to make sure this command returns at least one valid object.
WARNING: [Vivado 12-584] No ports matched 'sw[9]'. [C:/Users/tiago/OneDrive/Desktop/Universidade/Mestrado/PSD/Laboratorios/Lab2/project_2/project_2.srcs/constrs_1/imports/Lab0/Basys3_Master.xdc:31]
CRITICAL WARNING: [Common 17-55] 'set_property' expects at least one object. [C:/Users/tiago/OneDrive/Desktop/Universidade/Mestrado/PSD/Laboratorios/Lab2/project_2/project_2.srcs/constrs_1/imports/Lab0/Basys3_Master.xdc:31]
Resolution: If [get_<value>] was used to populate the object, check to make sure this command returns at least one valid object.
WARNING: [Vivado 12-584] No ports matched 'sw[10]'. [C:/Users/tiago/OneDrive/Desktop/Universidade/Mestrado/PSD/Laboratorios/Lab2/project_2/project_2.srcs/constrs_1/imports/Lab0/Basys3_Master.xdc:32]
CRITICAL WARNING: [Common 17-55] 'set_property' expects at least one object. [C:/Users/tiago/OneDrive/Desktop/Universidade/Mestrado/PSD/Laboratorios/Lab2/project_2/project_2.srcs/constrs_1/imports/Lab0/Basys3_Master.xdc:32]
Resolution: If [get_<value>] was used to populate the object, check to make sure this command returns at least one valid object.
WARNING: [Vivado 12-584] No ports matched 'sw[10]'. [C:/Users/tiago/OneDrive/Desktop/Universidade/Mestrado/PSD/Laboratorios/Lab2/project_2/project_2.srcs/constrs_1/imports/Lab0/Basys3_Master.xdc:33]
CRITICAL WARNING: [Common 17-55] 'set_property' expects at least one object. [C:/Users/tiago/OneDrive/Desktop/Universidade/Mestrado/PSD/Laboratorios/Lab2/project_2/project_2.srcs/constrs_1/imports/Lab0/Basys3_Master.xdc:33]
Resolution: If [get_<value>] was used to populate the object, check to make sure this command returns at least one valid object.
WARNING: [Vivado 12-584] No ports matched 'sw[11]'. [C:/Users/tiago/OneDrive/Desktop/Universidade/Mestrado/PSD/Laboratorios/Lab2/project_2/project_2.srcs/constrs_1/imports/Lab0/Basys3_Master.xdc:34]
CRITICAL WARNING: [Common 17-55] 'set_property' expects at least one object. [C:/Users/tiago/OneDrive/Desktop/Universidade/Mestrado/PSD/Laboratorios/Lab2/project_2/project_2.srcs/constrs_1/imports/Lab0/Basys3_Master.xdc:34]
Resolution: If [get_<value>] was used to populate the object, check to make sure this command returns at least one valid object.
WARNING: [Vivado 12-584] No ports matched 'sw[11]'. [C:/Users/tiago/OneDrive/Desktop/Universidade/Mestrado/PSD/Laboratorios/Lab2/project_2/project_2.srcs/constrs_1/imports/Lab0/Basys3_Master.xdc:35]
CRITICAL WARNING: [Common 17-55] 'set_property' expects at least one object. [C:/Users/tiago/OneDrive/Desktop/Universidade/Mestrado/PSD/Laboratorios/Lab2/project_2/project_2.srcs/constrs_1/imports/Lab0/Basys3_Master.xdc:35]
Resolution: If [get_<value>] was used to populate the object, check to make sure this command returns at least one valid object.
WARNING: [Vivado 12-584] No ports matched 'sw[12]'. [C:/Users/tiago/OneDrive/Desktop/Universidade/Mestrado/PSD/Laboratorios/Lab2/project_2/project_2.srcs/constrs_1/imports/Lab0/Basys3_Master.xdc:36]
CRITICAL WARNING: [Common 17-55] 'set_property' expects at least one object. [C:/Users/tiago/OneDrive/Desktop/Universidade/Mestrado/PSD/Laboratorios/Lab2/project_2/project_2.srcs/constrs_1/imports/Lab0/Basys3_Master.xdc:36]
Resolution: If [get_<value>] was used to populate the object, check to make sure this command returns at least one valid object.
WARNING: [Vivado 12-584] No ports matched 'sw[12]'. [C:/Users/tiago/OneDrive/Desktop/Universidade/Mestrado/PSD/Laboratorios/Lab2/project_2/project_2.srcs/constrs_1/imports/Lab0/Basys3_Master.xdc:37]
CRITICAL WARNING: [Common 17-55] 'set_property' expects at least one object. [C:/Users/tiago/OneDrive/Desktop/Universidade/Mestrado/PSD/Laboratorios/Lab2/project_2/project_2.srcs/constrs_1/imports/Lab0/Basys3_Master.xdc:37]
Resolution: If [get_<value>] was used to populate the object, check to make sure this command returns at least one valid object.
WARNING: [Vivado 12-584] No ports matched 'sw[13]'. [C:/Users/tiago/OneDrive/Desktop/Universidade/Mestrado/PSD/Laboratorios/Lab2/project_2/project_2.srcs/constrs_1/imports/Lab0/Basys3_Master.xdc:38]
CRITICAL WARNING: [Common 17-55] 'set_property' expects at least one object. [C:/Users/tiago/OneDrive/Desktop/Universidade/Mestrado/PSD/Laboratorios/Lab2/project_2/project_2.srcs/constrs_1/imports/Lab0/Basys3_Master.xdc:38]
Resolution: If [get_<value>] was used to populate the object, check to make sure this command returns at least one valid object.
WARNING: [Vivado 12-584] No ports matched 'sw[13]'. [C:/Users/tiago/OneDrive/Desktop/Universidade/Mestrado/PSD/Laboratorios/Lab2/project_2/project_2.srcs/constrs_1/imports/Lab0/Basys3_Master.xdc:39]
CRITICAL WARNING: [Common 17-55] 'set_property' expects at least one object. [C:/Users/tiago/OneDrive/Desktop/Universidade/Mestrado/PSD/Laboratorios/Lab2/project_2/project_2.srcs/constrs_1/imports/Lab0/Basys3_Master.xdc:39]
Resolution: If [get_<value>] was used to populate the object, check to make sure this command returns at least one valid object.
WARNING: [Vivado 12-584] No ports matched 'sw[14]'. [C:/Users/tiago/OneDrive/Desktop/Universidade/Mestrado/PSD/Laboratorios/Lab2/project_2/project_2.srcs/constrs_1/imports/Lab0/Basys3_Master.xdc:40]
CRITICAL WARNING: [Common 17-55] 'set_property' expects at least one object. [C:/Users/tiago/OneDrive/Desktop/Universidade/Mestrado/PSD/Laboratorios/Lab2/project_2/project_2.srcs/constrs_1/imports/Lab0/Basys3_Master.xdc:40]
Resolution: If [get_<value>] was used to populate the object, check to make sure this command returns at least one valid object.
WARNING: [Vivado 12-584] No ports matched 'sw[14]'. [C:/Users/tiago/OneDrive/Desktop/Universidade/Mestrado/PSD/Laboratorios/Lab2/project_2/project_2.srcs/constrs_1/imports/Lab0/Basys3_Master.xdc:41]
CRITICAL WARNING: [Common 17-55] 'set_property' expects at least one object. [C:/Users/tiago/OneDrive/Desktop/Universidade/Mestrado/PSD/Laboratorios/Lab2/project_2/project_2.srcs/constrs_1/imports/Lab0/Basys3_Master.xdc:41]
Resolution: If [get_<value>] was used to populate the object, check to make sure this command returns at least one valid object.
WARNING: [Vivado 12-584] No ports matched 'sw[15]'. [C:/Users/tiago/OneDrive/Desktop/Universidade/Mestrado/PSD/Laboratorios/Lab2/project_2/project_2.srcs/constrs_1/imports/Lab0/Basys3_Master.xdc:42]
CRITICAL WARNING: [Common 17-55] 'set_property' expects at least one object. [C:/Users/tiago/OneDrive/Desktop/Universidade/Mestrado/PSD/Laboratorios/Lab2/project_2/project_2.srcs/constrs_1/imports/Lab0/Basys3_Master.xdc:42]
Resolution: If [get_<value>] was used to populate the object, check to make sure this command returns at least one valid object.
WARNING: [Vivado 12-584] No ports matched 'sw[15]'. [C:/Users/tiago/OneDrive/Desktop/Universidade/Mestrado/PSD/Laboratorios/Lab2/project_2/project_2.srcs/constrs_1/imports/Lab0/Basys3_Master.xdc:43]
CRITICAL WARNING: [Common 17-55] 'set_property' expects at least one object. [C:/Users/tiago/OneDrive/Desktop/Universidade/Mestrado/PSD/Laboratorios/Lab2/project_2/project_2.srcs/constrs_1/imports/Lab0/Basys3_Master.xdc:43]
Resolution: If [get_<value>] was used to populate the object, check to make sure this command returns at least one valid object.
WARNING: [Vivado 12-584] No ports matched 'led[0]'. [C:/Users/tiago/OneDrive/Desktop/Universidade/Mestrado/PSD/Laboratorios/Lab2/project_2/project_2.srcs/constrs_1/imports/Lab0/Basys3_Master.xdc:47]
CRITICAL WARNING: [Common 17-55] 'set_property' expects at least one object. [C:/Users/tiago/OneDrive/Desktop/Universidade/Mestrado/PSD/Laboratorios/Lab2/project_2/project_2.srcs/constrs_1/imports/Lab0/Basys3_Master.xdc:47]
Resolution: If [get_<value>] was used to populate the object, check to make sure this command returns at least one valid object.
WARNING: [Vivado 12-584] No ports matched 'led[0]'. [C:/Users/tiago/OneDrive/Desktop/Universidade/Mestrado/PSD/Laboratorios/Lab2/project_2/project_2.srcs/constrs_1/imports/Lab0/Basys3_Master.xdc:48]
CRITICAL WARNING: [Common 17-55] 'set_property' expects at least one object. [C:/Users/tiago/OneDrive/Desktop/Universidade/Mestrado/PSD/Laboratorios/Lab2/project_2/project_2.srcs/constrs_1/imports/Lab0/Basys3_Master.xdc:48]
Resolution: If [get_<value>] was used to populate the object, check to make sure this command returns at least one valid object.
WARNING: [Vivado 12-584] No ports matched 'led[1]'. [C:/Users/tiago/OneDrive/Desktop/Universidade/Mestrado/PSD/Laboratorios/Lab2/project_2/project_2.srcs/constrs_1/imports/Lab0/Basys3_Master.xdc:49]
CRITICAL WARNING: [Common 17-55] 'set_property' expects at least one object. [C:/Users/tiago/OneDrive/Desktop/Universidade/Mestrado/PSD/Laboratorios/Lab2/project_2/project_2.srcs/constrs_1/imports/Lab0/Basys3_Master.xdc:49]
Resolution: If [get_<value>] was used to populate the object, check to make sure this command returns at least one valid object.
WARNING: [Vivado 12-584] No ports matched 'led[1]'. [C:/Users/tiago/OneDrive/Desktop/Universidade/Mestrado/PSD/Laboratorios/Lab2/project_2/project_2.srcs/constrs_1/imports/Lab0/Basys3_Master.xdc:50]
CRITICAL WARNING: [Common 17-55] 'set_property' expects at least one object. [C:/Users/tiago/OneDrive/Desktop/Universidade/Mestrado/PSD/Laboratorios/Lab2/project_2/project_2.srcs/constrs_1/imports/Lab0/Basys3_Master.xdc:50]
Resolution: If [get_<value>] was used to populate the object, check to make sure this command returns at least one valid object.
WARNING: [Vivado 12-584] No ports matched 'led[2]'. [C:/Users/tiago/OneDrive/Desktop/Universidade/Mestrado/PSD/Laboratorios/Lab2/project_2/project_2.srcs/constrs_1/imports/Lab0/Basys3_Master.xdc:51]
CRITICAL WARNING: [Common 17-55] 'set_property' expects at least one object. [C:/Users/tiago/OneDrive/Desktop/Universidade/Mestrado/PSD/Laboratorios/Lab2/project_2/project_2.srcs/constrs_1/imports/Lab0/Basys3_Master.xdc:51]
Resolution: If [get_<value>] was used to populate the object, check to make sure this command returns at least one valid object.
WARNING: [Vivado 12-584] No ports matched 'led[2]'. [C:/Users/tiago/OneDrive/Desktop/Universidade/Mestrado/PSD/Laboratorios/Lab2/project_2/project_2.srcs/constrs_1/imports/Lab0/Basys3_Master.xdc:52]
CRITICAL WARNING: [Common 17-55] 'set_property' expects at least one object. [C:/Users/tiago/OneDrive/Desktop/Universidade/Mestrado/PSD/Laboratorios/Lab2/project_2/project_2.srcs/constrs_1/imports/Lab0/Basys3_Master.xdc:52]
Resolution: If [get_<value>] was used to populate the object, check to make sure this command returns at least one valid object.
WARNING: [Vivado 12-584] No ports matched 'led[3]'. [C:/Users/tiago/OneDrive/Desktop/Universidade/Mestrado/PSD/Laboratorios/Lab2/project_2/project_2.srcs/constrs_1/imports/Lab0/Basys3_Master.xdc:53]
CRITICAL WARNING: [Common 17-55] 'set_property' expects at least one object. [C:/Users/tiago/OneDrive/Desktop/Universidade/Mestrado/PSD/Laboratorios/Lab2/project_2/project_2.srcs/constrs_1/imports/Lab0/Basys3_Master.xdc:53]
Resolution: If [get_<value>] was used to populate the object, check to make sure this command returns at least one valid object.
WARNING: [Vivado 12-584] No ports matched 'led[3]'. [C:/Users/tiago/OneDrive/Desktop/Universidade/Mestrado/PSD/Laboratorios/Lab2/project_2/project_2.srcs/constrs_1/imports/Lab0/Basys3_Master.xdc:54]
CRITICAL WARNING: [Common 17-55] 'set_property' expects at least one object. [C:/Users/tiago/OneDrive/Desktop/Universidade/Mestrado/PSD/Laboratorios/Lab2/project_2/project_2.srcs/constrs_1/imports/Lab0/Basys3_Master.xdc:54]
Resolution: If [get_<value>] was used to populate the object, check to make sure this command returns at least one valid object.
WARNING: [Vivado 12-584] No ports matched 'led[4]'. [C:/Users/tiago/OneDrive/Desktop/Universidade/Mestrado/PSD/Laboratorios/Lab2/project_2/project_2.srcs/constrs_1/imports/Lab0/Basys3_Master.xdc:55]
CRITICAL WARNING: [Common 17-55] 'set_property' expects at least one object. [C:/Users/tiago/OneDrive/Desktop/Universidade/Mestrado/PSD/Laboratorios/Lab2/project_2/project_2.srcs/constrs_1/imports/Lab0/Basys3_Master.xdc:55]
Resolution: If [get_<value>] was used to populate the object, check to make sure this command returns at least one valid object.
WARNING: [Vivado 12-584] No ports matched 'led[4]'. [C:/Users/tiago/OneDrive/Desktop/Universidade/Mestrado/PSD/Laboratorios/Lab2/project_2/project_2.srcs/constrs_1/imports/Lab0/Basys3_Master.xdc:56]
CRITICAL WARNING: [Common 17-55] 'set_property' expects at least one object. [C:/Users/tiago/OneDrive/Desktop/Universidade/Mestrado/PSD/Laboratorios/Lab2/project_2/project_2.srcs/constrs_1/imports/Lab0/Basys3_Master.xdc:56]
Resolution: If [get_<value>] was used to populate the object, check to make sure this command returns at least one valid object.
WARNING: [Vivado 12-584] No ports matched 'led[5]'. [C:/Users/tiago/OneDrive/Desktop/Universidade/Mestrado/PSD/Laboratorios/Lab2/project_2/project_2.srcs/constrs_1/imports/Lab0/Basys3_Master.xdc:57]
CRITICAL WARNING: [Common 17-55] 'set_property' expects at least one object. [C:/Users/tiago/OneDrive/Desktop/Universidade/Mestrado/PSD/Laboratorios/Lab2/project_2/project_2.srcs/constrs_1/imports/Lab0/Basys3_Master.xdc:57]
Resolution: If [get_<value>] was used to populate the object, check to make sure this command returns at least one valid object.
WARNING: [Vivado 12-584] No ports matched 'led[5]'. [C:/Users/tiago/OneDrive/Desktop/Universidade/Mestrado/PSD/Laboratorios/Lab2/project_2/project_2.srcs/constrs_1/imports/Lab0/Basys3_Master.xdc:58]
CRITICAL WARNING: [Common 17-55] 'set_property' expects at least one object. [C:/Users/tiago/OneDrive/Desktop/Universidade/Mestrado/PSD/Laboratorios/Lab2/project_2/project_2.srcs/constrs_1/imports/Lab0/Basys3_Master.xdc:58]
Resolution: If [get_<value>] was used to populate the object, check to make sure this command returns at least one valid object.
WARNING: [Vivado 12-584] No ports matched 'led[6]'. [C:/Users/tiago/OneDrive/Desktop/Universidade/Mestrado/PSD/Laboratorios/Lab2/project_2/project_2.srcs/constrs_1/imports/Lab0/Basys3_Master.xdc:59]
CRITICAL WARNING: [Common 17-55] 'set_property' expects at least one object. [C:/Users/tiago/OneDrive/Desktop/Universidade/Mestrado/PSD/Laboratorios/Lab2/project_2/project_2.srcs/constrs_1/imports/Lab0/Basys3_Master.xdc:59]
Resolution: If [get_<value>] was used to populate the object, check to make sure this command returns at least one valid object.
WARNING: [Vivado 12-584] No ports matched 'led[6]'. [C:/Users/tiago/OneDrive/Desktop/Universidade/Mestrado/PSD/Laboratorios/Lab2/project_2/project_2.srcs/constrs_1/imports/Lab0/Basys3_Master.xdc:60]
CRITICAL WARNING: [Common 17-55] 'set_property' expects at least one object. [C:/Users/tiago/OneDrive/Desktop/Universidade/Mestrado/PSD/Laboratorios/Lab2/project_2/project_2.srcs/constrs_1/imports/Lab0/Basys3_Master.xdc:60]
Resolution: If [get_<value>] was used to populate the object, check to make sure this command returns at least one valid object.
WARNING: [Vivado 12-584] No ports matched 'led[7]'. [C:/Users/tiago/OneDrive/Desktop/Universidade/Mestrado/PSD/Laboratorios/Lab2/project_2/project_2.srcs/constrs_1/imports/Lab0/Basys3_Master.xdc:61]
CRITICAL WARNING: [Common 17-55] 'set_property' expects at least one object. [C:/Users/tiago/OneDrive/Desktop/Universidade/Mestrado/PSD/Laboratorios/Lab2/project_2/project_2.srcs/constrs_1/imports/Lab0/Basys3_Master.xdc:61]
Resolution: If [get_<value>] was used to populate the object, check to make sure this command returns at least one valid object.
WARNING: [Vivado 12-584] No ports matched 'led[7]'. [C:/Users/tiago/OneDrive/Desktop/Universidade/Mestrado/PSD/Laboratorios/Lab2/project_2/project_2.srcs/constrs_1/imports/Lab0/Basys3_Master.xdc:62]
CRITICAL WARNING: [Common 17-55] 'set_property' expects at least one object. [C:/Users/tiago/OneDrive/Desktop/Universidade/Mestrado/PSD/Laboratorios/Lab2/project_2/project_2.srcs/constrs_1/imports/Lab0/Basys3_Master.xdc:62]
Resolution: If [get_<value>] was used to populate the object, check to make sure this command returns at least one valid object.
WARNING: [Vivado 12-584] No ports matched 'led[8]'. [C:/Users/tiago/OneDrive/Desktop/Universidade/Mestrado/PSD/Laboratorios/Lab2/project_2/project_2.srcs/constrs_1/imports/Lab0/Basys3_Master.xdc:63]
CRITICAL WARNING: [Common 17-55] 'set_property' expects at least one object. [C:/Users/tiago/OneDrive/Desktop/Universidade/Mestrado/PSD/Laboratorios/Lab2/project_2/project_2.srcs/constrs_1/imports/Lab0/Basys3_Master.xdc:63]
Resolution: If [get_<value>] was used to populate the object, check to make sure this command returns at least one valid object.
WARNING: [Vivado 12-584] No ports matched 'led[8]'. [C:/Users/tiago/OneDrive/Desktop/Universidade/Mestrado/PSD/Laboratorios/Lab2/project_2/project_2.srcs/constrs_1/imports/Lab0/Basys3_Master.xdc:64]
CRITICAL WARNING: [Common 17-55] 'set_property' expects at least one object. [C:/Users/tiago/OneDrive/Desktop/Universidade/Mestrado/PSD/Laboratorios/Lab2/project_2/project_2.srcs/constrs_1/imports/Lab0/Basys3_Master.xdc:64]
Resolution: If [get_<value>] was used to populate the object, check to make sure this command returns at least one valid object.
WARNING: [Vivado 12-584] No ports matched 'led[9]'. [C:/Users/tiago/OneDrive/Desktop/Universidade/Mestrado/PSD/Laboratorios/Lab2/project_2/project_2.srcs/constrs_1/imports/Lab0/Basys3_Master.xdc:65]
CRITICAL WARNING: [Common 17-55] 'set_property' expects at least one object. [C:/Users/tiago/OneDrive/Desktop/Universidade/Mestrado/PSD/Laboratorios/Lab2/project_2/project_2.srcs/constrs_1/imports/Lab0/Basys3_Master.xdc:65]
Resolution: If [get_<value>] was used to populate the object, check to make sure this command returns at least one valid object.
WARNING: [Vivado 12-584] No ports matched 'led[9]'. [C:/Users/tiago/OneDrive/Desktop/Universidade/Mestrado/PSD/Laboratorios/Lab2/project_2/project_2.srcs/constrs_1/imports/Lab0/Basys3_Master.xdc:66]
CRITICAL WARNING: [Common 17-55] 'set_property' expects at least one object. [C:/Users/tiago/OneDrive/Desktop/Universidade/Mestrado/PSD/Laboratorios/Lab2/project_2/project_2.srcs/constrs_1/imports/Lab0/Basys3_Master.xdc:66]
Resolution: If [get_<value>] was used to populate the object, check to make sure this command returns at least one valid object.
WARNING: [Vivado 12-584] No ports matched 'led[10]'. [C:/Users/tiago/OneDrive/Desktop/Universidade/Mestrado/PSD/Laboratorios/Lab2/project_2/project_2.srcs/constrs_1/imports/Lab0/Basys3_Master.xdc:67]
CRITICAL WARNING: [Common 17-55] 'set_property' expects at least one object. [C:/Users/tiago/OneDrive/Desktop/Universidade/Mestrado/PSD/Laboratorios/Lab2/project_2/project_2.srcs/constrs_1/imports/Lab0/Basys3_Master.xdc:67]
Resolution: If [get_<value>] was used to populate the object, check to make sure this command returns at least one valid object.
WARNING: [Vivado 12-584] No ports matched 'led[10]'. [C:/Users/tiago/OneDrive/Desktop/Universidade/Mestrado/PSD/Laboratorios/Lab2/project_2/project_2.srcs/constrs_1/imports/Lab0/Basys3_Master.xdc:68]
CRITICAL WARNING: [Common 17-55] 'set_property' expects at least one object. [C:/Users/tiago/OneDrive/Desktop/Universidade/Mestrado/PSD/Laboratorios/Lab2/project_2/project_2.srcs/constrs_1/imports/Lab0/Basys3_Master.xdc:68]
Resolution: If [get_<value>] was used to populate the object, check to make sure this command returns at least one valid object.
WARNING: [Vivado 12-584] No ports matched 'led[11]'. [C:/Users/tiago/OneDrive/Desktop/Universidade/Mestrado/PSD/Laboratorios/Lab2/project_2/project_2.srcs/constrs_1/imports/Lab0/Basys3_Master.xdc:69]
CRITICAL WARNING: [Common 17-55] 'set_property' expects at least one object. [C:/Users/tiago/OneDrive/Desktop/Universidade/Mestrado/PSD/Laboratorios/Lab2/project_2/project_2.srcs/constrs_1/imports/Lab0/Basys3_Master.xdc:69]
Resolution: If [get_<value>] was used to populate the object, check to make sure this command returns at least one valid object.
WARNING: [Vivado 12-584] No ports matched 'led[11]'. [C:/Users/tiago/OneDrive/Desktop/Universidade/Mestrado/PSD/Laboratorios/Lab2/project_2/project_2.srcs/constrs_1/imports/Lab0/Basys3_Master.xdc:70]
CRITICAL WARNING: [Common 17-55] 'set_property' expects at least one object. [C:/Users/tiago/OneDrive/Desktop/Universidade/Mestrado/PSD/Laboratorios/Lab2/project_2/project_2.srcs/constrs_1/imports/Lab0/Basys3_Master.xdc:70]
Resolution: If [get_<value>] was used to populate the object, check to make sure this command returns at least one valid object.
WARNING: [Vivado 12-584] No ports matched 'led[12]'. [C:/Users/tiago/OneDrive/Desktop/Universidade/Mestrado/PSD/Laboratorios/Lab2/project_2/project_2.srcs/constrs_1/imports/Lab0/Basys3_Master.xdc:71]
CRITICAL WARNING: [Common 17-55] 'set_property' expects at least one object. [C:/Users/tiago/OneDrive/Desktop/Universidade/Mestrado/PSD/Laboratorios/Lab2/project_2/project_2.srcs/constrs_1/imports/Lab0/Basys3_Master.xdc:71]
Resolution: If [get_<value>] was used to populate the object, check to make sure this command returns at least one valid object.
WARNING: [Vivado 12-584] No ports matched 'led[12]'. [C:/Users/tiago/OneDrive/Desktop/Universidade/Mestrado/PSD/Laboratorios/Lab2/project_2/project_2.srcs/constrs_1/imports/Lab0/Basys3_Master.xdc:72]
CRITICAL WARNING: [Common 17-55] 'set_property' expects at least one object. [C:/Users/tiago/OneDrive/Desktop/Universidade/Mestrado/PSD/Laboratorios/Lab2/project_2/project_2.srcs/constrs_1/imports/Lab0/Basys3_Master.xdc:72]
Resolution: If [get_<value>] was used to populate the object, check to make sure this command returns at least one valid object.
WARNING: [Vivado 12-584] No ports matched 'led[13]'. [C:/Users/tiago/OneDrive/Desktop/Universidade/Mestrado/PSD/Laboratorios/Lab2/project_2/project_2.srcs/constrs_1/imports/Lab0/Basys3_Master.xdc:73]
CRITICAL WARNING: [Common 17-55] 'set_property' expects at least one object. [C:/Users/tiago/OneDrive/Desktop/Universidade/Mestrado/PSD/Laboratorios/Lab2/project_2/project_2.srcs/constrs_1/imports/Lab0/Basys3_Master.xdc:73]
Resolution: If [get_<value>] was used to populate the object, check to make sure this command returns at least one valid object.
WARNING: [Vivado 12-584] No ports matched 'led[13]'. [C:/Users/tiago/OneDrive/Desktop/Universidade/Mestrado/PSD/Laboratorios/Lab2/project_2/project_2.srcs/constrs_1/imports/Lab0/Basys3_Master.xdc:74]
CRITICAL WARNING: [Common 17-55] 'set_property' expects at least one object. [C:/Users/tiago/OneDrive/Desktop/Universidade/Mestrado/PSD/Laboratorios/Lab2/project_2/project_2.srcs/constrs_1/imports/Lab0/Basys3_Master.xdc:74]
Resolution: If [get_<value>] was used to populate the object, check to make sure this command returns at least one valid object.
WARNING: [Vivado 12-584] No ports matched 'led[14]'. [C:/Users/tiago/OneDrive/Desktop/Universidade/Mestrado/PSD/Laboratorios/Lab2/project_2/project_2.srcs/constrs_1/imports/Lab0/Basys3_Master.xdc:75]
CRITICAL WARNING: [Common 17-55] 'set_property' expects at least one object. [C:/Users/tiago/OneDrive/Desktop/Universidade/Mestrado/PSD/Laboratorios/Lab2/project_2/project_2.srcs/constrs_1/imports/Lab0/Basys3_Master.xdc:75]
Resolution: If [get_<value>] was used to populate the object, check to make sure this command returns at least one valid object.
WARNING: [Vivado 12-584] No ports matched 'led[14]'. [C:/Users/tiago/OneDrive/Desktop/Universidade/Mestrado/PSD/Laboratorios/Lab2/project_2/project_2.srcs/constrs_1/imports/Lab0/Basys3_Master.xdc:76]
CRITICAL WARNING: [Common 17-55] 'set_property' expects at least one object. [C:/Users/tiago/OneDrive/Desktop/Universidade/Mestrado/PSD/Laboratorios/Lab2/project_2/project_2.srcs/constrs_1/imports/Lab0/Basys3_Master.xdc:76]
Resolution: If [get_<value>] was used to populate the object, check to make sure this command returns at least one valid object.
WARNING: [Vivado 12-584] No ports matched 'led[15]'. [C:/Users/tiago/OneDrive/Desktop/Universidade/Mestrado/PSD/Laboratorios/Lab2/project_2/project_2.srcs/constrs_1/imports/Lab0/Basys3_Master.xdc:77]
CRITICAL WARNING: [Common 17-55] 'set_property' expects at least one object. [C:/Users/tiago/OneDrive/Desktop/Universidade/Mestrado/PSD/Laboratorios/Lab2/project_2/project_2.srcs/constrs_1/imports/Lab0/Basys3_Master.xdc:77]
Resolution: If [get_<value>] was used to populate the object, check to make sure this command returns at least one valid object.
WARNING: [Vivado 12-584] No ports matched 'led[15]'. [C:/Users/tiago/OneDrive/Desktop/Universidade/Mestrado/PSD/Laboratorios/Lab2/project_2/project_2.srcs/constrs_1/imports/Lab0/Basys3_Master.xdc:78]
CRITICAL WARNING: [Common 17-55] 'set_property' expects at least one object. [C:/Users/tiago/OneDrive/Desktop/Universidade/Mestrado/PSD/Laboratorios/Lab2/project_2/project_2.srcs/constrs_1/imports/Lab0/Basys3_Master.xdc:78]
Resolution: If [get_<value>] was used to populate the object, check to make sure this command returns at least one valid object.
WARNING: [Vivado 12-584] No ports matched 'seg[0]'. [C:/Users/tiago/OneDrive/Desktop/Universidade/Mestrado/PSD/Laboratorios/Lab2/project_2/project_2.srcs/constrs_1/imports/Lab0/Basys3_Master.xdc:82]
CRITICAL WARNING: [Common 17-55] 'set_property' expects at least one object. [C:/Users/tiago/OneDrive/Desktop/Universidade/Mestrado/PSD/Laboratorios/Lab2/project_2/project_2.srcs/constrs_1/imports/Lab0/Basys3_Master.xdc:82]
Resolution: If [get_<value>] was used to populate the object, check to make sure this command returns at least one valid object.
WARNING: [Vivado 12-584] No ports matched 'seg[0]'. [C:/Users/tiago/OneDrive/Desktop/Universidade/Mestrado/PSD/Laboratorios/Lab2/project_2/project_2.srcs/constrs_1/imports/Lab0/Basys3_Master.xdc:83]
CRITICAL WARNING: [Common 17-55] 'set_property' expects at least one object. [C:/Users/tiago/OneDrive/Desktop/Universidade/Mestrado/PSD/Laboratorios/Lab2/project_2/project_2.srcs/constrs_1/imports/Lab0/Basys3_Master.xdc:83]
Resolution: If [get_<value>] was used to populate the object, check to make sure this command returns at least one valid object.
WARNING: [Vivado 12-584] No ports matched 'seg[1]'. [C:/Users/tiago/OneDrive/Desktop/Universidade/Mestrado/PSD/Laboratorios/Lab2/project_2/project_2.srcs/constrs_1/imports/Lab0/Basys3_Master.xdc:84]
CRITICAL WARNING: [Common 17-55] 'set_property' expects at least one object. [C:/Users/tiago/OneDrive/Desktop/Universidade/Mestrado/PSD/Laboratorios/Lab2/project_2/project_2.srcs/constrs_1/imports/Lab0/Basys3_Master.xdc:84]
Resolution: If [get_<value>] was used to populate the object, check to make sure this command returns at least one valid object.
WARNING: [Vivado 12-584] No ports matched 'seg[1]'. [C:/Users/tiago/OneDrive/Desktop/Universidade/Mestrado/PSD/Laboratorios/Lab2/project_2/project_2.srcs/constrs_1/imports/Lab0/Basys3_Master.xdc:85]
CRITICAL WARNING: [Common 17-55] 'set_property' expects at least one object. [C:/Users/tiago/OneDrive/Desktop/Universidade/Mestrado/PSD/Laboratorios/Lab2/project_2/project_2.srcs/constrs_1/imports/Lab0/Basys3_Master.xdc:85]
Resolution: If [get_<value>] was used to populate the object, check to make sure this command returns at least one valid object.
WARNING: [Vivado 12-584] No ports matched 'seg[2]'. [C:/Users/tiago/OneDrive/Desktop/Universidade/Mestrado/PSD/Laboratorios/Lab2/project_2/project_2.srcs/constrs_1/imports/Lab0/Basys3_Master.xdc:86]
CRITICAL WARNING: [Common 17-55] 'set_property' expects at least one object. [C:/Users/tiago/OneDrive/Desktop/Universidade/Mestrado/PSD/Laboratorios/Lab2/project_2/project_2.srcs/constrs_1/imports/Lab0/Basys3_Master.xdc:86]
Resolution: If [get_<value>] was used to populate the object, check to make sure this command returns at least one valid object.
WARNING: [Vivado 12-584] No ports matched 'seg[2]'. [C:/Users/tiago/OneDrive/Desktop/Universidade/Mestrado/PSD/Laboratorios/Lab2/project_2/project_2.srcs/constrs_1/imports/Lab0/Basys3_Master.xdc:87]
CRITICAL WARNING: [Common 17-55] 'set_property' expects at least one object. [C:/Users/tiago/OneDrive/Desktop/Universidade/Mestrado/PSD/Laboratorios/Lab2/project_2/project_2.srcs/constrs_1/imports/Lab0/Basys3_Master.xdc:87]
Resolution: If [get_<value>] was used to populate the object, check to make sure this command returns at least one valid object.
WARNING: [Vivado 12-584] No ports matched 'seg[3]'. [C:/Users/tiago/OneDrive/Desktop/Universidade/Mestrado/PSD/Laboratorios/Lab2/project_2/project_2.srcs/constrs_1/imports/Lab0/Basys3_Master.xdc:88]
CRITICAL WARNING: [Common 17-55] 'set_property' expects at least one object. [C:/Users/tiago/OneDrive/Desktop/Universidade/Mestrado/PSD/Laboratorios/Lab2/project_2/project_2.srcs/constrs_1/imports/Lab0/Basys3_Master.xdc:88]
Resolution: If [get_<value>] was used to populate the object, check to make sure this command returns at least one valid object.
WARNING: [Vivado 12-584] No ports matched 'seg[3]'. [C:/Users/tiago/OneDrive/Desktop/Universidade/Mestrado/PSD/Laboratorios/Lab2/project_2/project_2.srcs/constrs_1/imports/Lab0/Basys3_Master.xdc:89]
CRITICAL WARNING: [Common 17-55] 'set_property' expects at least one object. [C:/Users/tiago/OneDrive/Desktop/Universidade/Mestrado/PSD/Laboratorios/Lab2/project_2/project_2.srcs/constrs_1/imports/Lab0/Basys3_Master.xdc:89]
Resolution: If [get_<value>] was used to populate the object, check to make sure this command returns at least one valid object.
WARNING: [Vivado 12-584] No ports matched 'seg[4]'. [C:/Users/tiago/OneDrive/Desktop/Universidade/Mestrado/PSD/Laboratorios/Lab2/project_2/project_2.srcs/constrs_1/imports/Lab0/Basys3_Master.xdc:90]
CRITICAL WARNING: [Common 17-55] 'set_property' expects at least one object. [C:/Users/tiago/OneDrive/Desktop/Universidade/Mestrado/PSD/Laboratorios/Lab2/project_2/project_2.srcs/constrs_1/imports/Lab0/Basys3_Master.xdc:90]
Resolution: If [get_<value>] was used to populate the object, check to make sure this command returns at least one valid object.
WARNING: [Vivado 12-584] No ports matched 'seg[4]'. [C:/Users/tiago/OneDrive/Desktop/Universidade/Mestrado/PSD/Laboratorios/Lab2/project_2/project_2.srcs/constrs_1/imports/Lab0/Basys3_Master.xdc:91]
CRITICAL WARNING: [Common 17-55] 'set_property' expects at least one object. [C:/Users/tiago/OneDrive/Desktop/Universidade/Mestrado/PSD/Laboratorios/Lab2/project_2/project_2.srcs/constrs_1/imports/Lab0/Basys3_Master.xdc:91]
Resolution: If [get_<value>] was used to populate the object, check to make sure this command returns at least one valid object.
WARNING: [Vivado 12-584] No ports matched 'seg[5]'. [C:/Users/tiago/OneDrive/Desktop/Universidade/Mestrado/PSD/Laboratorios/Lab2/project_2/project_2.srcs/constrs_1/imports/Lab0/Basys3_Master.xdc:92]
CRITICAL WARNING: [Common 17-55] 'set_property' expects at least one object. [C:/Users/tiago/OneDrive/Desktop/Universidade/Mestrado/PSD/Laboratorios/Lab2/project_2/project_2.srcs/constrs_1/imports/Lab0/Basys3_Master.xdc:92]
Resolution: If [get_<value>] was used to populate the object, check to make sure this command returns at least one valid object.
WARNING: [Vivado 12-584] No ports matched 'seg[5]'. [C:/Users/tiago/OneDrive/Desktop/Universidade/Mestrado/PSD/Laboratorios/Lab2/project_2/project_2.srcs/constrs_1/imports/Lab0/Basys3_Master.xdc:93]
CRITICAL WARNING: [Common 17-55] 'set_property' expects at least one object. [C:/Users/tiago/OneDrive/Desktop/Universidade/Mestrado/PSD/Laboratorios/Lab2/project_2/project_2.srcs/constrs_1/imports/Lab0/Basys3_Master.xdc:93]
Resolution: If [get_<value>] was used to populate the object, check to make sure this command returns at least one valid object.
WARNING: [Vivado 12-584] No ports matched 'seg[6]'. [C:/Users/tiago/OneDrive/Desktop/Universidade/Mestrado/PSD/Laboratorios/Lab2/project_2/project_2.srcs/constrs_1/imports/Lab0/Basys3_Master.xdc:94]
CRITICAL WARNING: [Common 17-55] 'set_property' expects at least one object. [C:/Users/tiago/OneDrive/Desktop/Universidade/Mestrado/PSD/Laboratorios/Lab2/project_2/project_2.srcs/constrs_1/imports/Lab0/Basys3_Master.xdc:94]
Resolution: If [get_<value>] was used to populate the object, check to make sure this command returns at least one valid object.
WARNING: [Vivado 12-584] No ports matched 'seg[6]'. [C:/Users/tiago/OneDrive/Desktop/Universidade/Mestrado/PSD/Laboratorios/Lab2/project_2/project_2.srcs/constrs_1/imports/Lab0/Basys3_Master.xdc:95]
CRITICAL WARNING: [Common 17-55] 'set_property' expects at least one object. [C:/Users/tiago/OneDrive/Desktop/Universidade/Mestrado/PSD/Laboratorios/Lab2/project_2/project_2.srcs/constrs_1/imports/Lab0/Basys3_Master.xdc:95]
Resolution: If [get_<value>] was used to populate the object, check to make sure this command returns at least one valid object.
WARNING: [Vivado 12-584] No ports matched 'dp'. [C:/Users/tiago/OneDrive/Desktop/Universidade/Mestrado/PSD/Laboratorios/Lab2/project_2/project_2.srcs/constrs_1/imports/Lab0/Basys3_Master.xdc:97]
CRITICAL WARNING: [Common 17-55] 'set_property' expects at least one object. [C:/Users/tiago/OneDrive/Desktop/Universidade/Mestrado/PSD/Laboratorios/Lab2/project_2/project_2.srcs/constrs_1/imports/Lab0/Basys3_Master.xdc:97]
Resolution: If [get_<value>] was used to populate the object, check to make sure this command returns at least one valid object.
WARNING: [Vivado 12-584] No ports matched 'dp'. [C:/Users/tiago/OneDrive/Desktop/Universidade/Mestrado/PSD/Laboratorios/Lab2/project_2/project_2.srcs/constrs_1/imports/Lab0/Basys3_Master.xdc:98]
CRITICAL WARNING: [Common 17-55] 'set_property' expects at least one object. [C:/Users/tiago/OneDrive/Desktop/Universidade/Mestrado/PSD/Laboratorios/Lab2/project_2/project_2.srcs/constrs_1/imports/Lab0/Basys3_Master.xdc:98]
Resolution: If [get_<value>] was used to populate the object, check to make sure this command returns at least one valid object.
WARNING: [Vivado 12-584] No ports matched 'an[0]'. [C:/Users/tiago/OneDrive/Desktop/Universidade/Mestrado/PSD/Laboratorios/Lab2/project_2/project_2.srcs/constrs_1/imports/Lab0/Basys3_Master.xdc:100]
CRITICAL WARNING: [Common 17-55] 'set_property' expects at least one object. [C:/Users/tiago/OneDrive/Desktop/Universidade/Mestrado/PSD/Laboratorios/Lab2/project_2/project_2.srcs/constrs_1/imports/Lab0/Basys3_Master.xdc:100]
Resolution: If [get_<value>] was used to populate the object, check to make sure this command returns at least one valid object.
WARNING: [Vivado 12-584] No ports matched 'an[0]'. [C:/Users/tiago/OneDrive/Desktop/Universidade/Mestrado/PSD/Laboratorios/Lab2/project_2/project_2.srcs/constrs_1/imports/Lab0/Basys3_Master.xdc:101]
CRITICAL WARNING: [Common 17-55] 'set_property' expects at least one object. [C:/Users/tiago/OneDrive/Desktop/Universidade/Mestrado/PSD/Laboratorios/Lab2/project_2/project_2.srcs/constrs_1/imports/Lab0/Basys3_Master.xdc:101]
Resolution: If [get_<value>] was used to populate the object, check to make sure this command returns at least one valid object.
WARNING: [Vivado 12-584] No ports matched 'an[1]'. [C:/Users/tiago/OneDrive/Desktop/Universidade/Mestrado/PSD/Laboratorios/Lab2/project_2/project_2.srcs/constrs_1/imports/Lab0/Basys3_Master.xdc:102]
CRITICAL WARNING: [Common 17-55] 'set_property' expects at least one object. [C:/Users/tiago/OneDrive/Desktop/Universidade/Mestrado/PSD/Laboratorios/Lab2/project_2/project_2.srcs/constrs_1/imports/Lab0/Basys3_Master.xdc:102]
Resolution: If [get_<value>] was used to populate the object, check to make sure this command returns at least one valid object.
WARNING: [Vivado 12-584] No ports matched 'an[1]'. [C:/Users/tiago/OneDrive/Desktop/Universidade/Mestrado/PSD/Laboratorios/Lab2/project_2/project_2.srcs/constrs_1/imports/Lab0/Basys3_Master.xdc:103]
CRITICAL WARNING: [Common 17-55] 'set_property' expects at least one object. [C:/Users/tiago/OneDrive/Desktop/Universidade/Mestrado/PSD/Laboratorios/Lab2/project_2/project_2.srcs/constrs_1/imports/Lab0/Basys3_Master.xdc:103]
Resolution: If [get_<value>] was used to populate the object, check to make sure this command returns at least one valid object.
WARNING: [Vivado 12-584] No ports matched 'an[2]'. [C:/Users/tiago/OneDrive/Desktop/Universidade/Mestrado/PSD/Laboratorios/Lab2/project_2/project_2.srcs/constrs_1/imports/Lab0/Basys3_Master.xdc:104]
CRITICAL WARNING: [Common 17-55] 'set_property' expects at least one object. [C:/Users/tiago/OneDrive/Desktop/Universidade/Mestrado/PSD/Laboratorios/Lab2/project_2/project_2.srcs/constrs_1/imports/Lab0/Basys3_Master.xdc:104]
Resolution: If [get_<value>] was used to populate the object, check to make sure this command returns at least one valid object.
WARNING: [Vivado 12-584] No ports matched 'an[2]'. [C:/Users/tiago/OneDrive/Desktop/Universidade/Mestrado/PSD/Laboratorios/Lab2/project_2/project_2.srcs/constrs_1/imports/Lab0/Basys3_Master.xdc:105]
CRITICAL WARNING: [Common 17-55] 'set_property' expects at least one object. [C:/Users/tiago/OneDrive/Desktop/Universidade/Mestrado/PSD/Laboratorios/Lab2/project_2/project_2.srcs/constrs_1/imports/Lab0/Basys3_Master.xdc:105]
Resolution: If [get_<value>] was used to populate the object, check to make sure this command returns at least one valid object.
WARNING: [Vivado 12-584] No ports matched 'an[3]'. [C:/Users/tiago/OneDrive/Desktop/Universidade/Mestrado/PSD/Laboratorios/Lab2/project_2/project_2.srcs/constrs_1/imports/Lab0/Basys3_Master.xdc:106]
CRITICAL WARNING: [Common 17-55] 'set_property' expects at least one object. [C:/Users/tiago/OneDrive/Desktop/Universidade/Mestrado/PSD/Laboratorios/Lab2/project_2/project_2.srcs/constrs_1/imports/Lab0/Basys3_Master.xdc:106]
Resolution: If [get_<value>] was used to populate the object, check to make sure this command returns at least one valid object.
WARNING: [Vivado 12-584] No ports matched 'an[3]'. [C:/Users/tiago/OneDrive/Desktop/Universidade/Mestrado/PSD/Laboratorios/Lab2/project_2/project_2.srcs/constrs_1/imports/Lab0/Basys3_Master.xdc:107]
CRITICAL WARNING: [Common 17-55] 'set_property' expects at least one object. [C:/Users/tiago/OneDrive/Desktop/Universidade/Mestrado/PSD/Laboratorios/Lab2/project_2/project_2.srcs/constrs_1/imports/Lab0/Basys3_Master.xdc:107]
Resolution: If [get_<value>] was used to populate the object, check to make sure this command returns at least one valid object.
WARNING: [Vivado 12-584] No ports matched 'btnC'. [C:/Users/tiago/OneDrive/Desktop/Universidade/Mestrado/PSD/Laboratorios/Lab2/project_2/project_2.srcs/constrs_1/imports/Lab0/Basys3_Master.xdc:111]
CRITICAL WARNING: [Common 17-55] 'set_property' expects at least one object. [C:/Users/tiago/OneDrive/Desktop/Universidade/Mestrado/PSD/Laboratorios/Lab2/project_2/project_2.srcs/constrs_1/imports/Lab0/Basys3_Master.xdc:111]
Resolution: If [get_<value>] was used to populate the object, check to make sure this command returns at least one valid object.
WARNING: [Vivado 12-584] No ports matched 'btnC'. [C:/Users/tiago/OneDrive/Desktop/Universidade/Mestrado/PSD/Laboratorios/Lab2/project_2/project_2.srcs/constrs_1/imports/Lab0/Basys3_Master.xdc:112]
CRITICAL WARNING: [Common 17-55] 'set_property' expects at least one object. [C:/Users/tiago/OneDrive/Desktop/Universidade/Mestrado/PSD/Laboratorios/Lab2/project_2/project_2.srcs/constrs_1/imports/Lab0/Basys3_Master.xdc:112]
Resolution: If [get_<value>] was used to populate the object, check to make sure this command returns at least one valid object.
WARNING: [Vivado 12-584] No ports matched 'btnU'. [C:/Users/tiago/OneDrive/Desktop/Universidade/Mestrado/PSD/Laboratorios/Lab2/project_2/project_2.srcs/constrs_1/imports/Lab0/Basys3_Master.xdc:113]
CRITICAL WARNING: [Common 17-55] 'set_property' expects at least one object. [C:/Users/tiago/OneDrive/Desktop/Universidade/Mestrado/PSD/Laboratorios/Lab2/project_2/project_2.srcs/constrs_1/imports/Lab0/Basys3_Master.xdc:113]
Resolution: If [get_<value>] was used to populate the object, check to make sure this command returns at least one valid object.
WARNING: [Vivado 12-584] No ports matched 'btnU'. [C:/Users/tiago/OneDrive/Desktop/Universidade/Mestrado/PSD/Laboratorios/Lab2/project_2/project_2.srcs/constrs_1/imports/Lab0/Basys3_Master.xdc:114]
CRITICAL WARNING: [Common 17-55] 'set_property' expects at least one object. [C:/Users/tiago/OneDrive/Desktop/Universidade/Mestrado/PSD/Laboratorios/Lab2/project_2/project_2.srcs/constrs_1/imports/Lab0/Basys3_Master.xdc:114]
Resolution: If [get_<value>] was used to populate the object, check to make sure this command returns at least one valid object.
WARNING: [Vivado 12-584] No ports matched 'btnL'. [C:/Users/tiago/OneDrive/Desktop/Universidade/Mestrado/PSD/Laboratorios/Lab2/project_2/project_2.srcs/constrs_1/imports/Lab0/Basys3_Master.xdc:115]
CRITICAL WARNING: [Common 17-55] 'set_property' expects at least one object. [C:/Users/tiago/OneDrive/Desktop/Universidade/Mestrado/PSD/Laboratorios/Lab2/project_2/project_2.srcs/constrs_1/imports/Lab0/Basys3_Master.xdc:115]
Resolution: If [get_<value>] was used to populate the object, check to make sure this command returns at least one valid object.
WARNING: [Vivado 12-584] No ports matched 'btnL'. [C:/Users/tiago/OneDrive/Desktop/Universidade/Mestrado/PSD/Laboratorios/Lab2/project_2/project_2.srcs/constrs_1/imports/Lab0/Basys3_Master.xdc:116]
CRITICAL WARNING: [Common 17-55] 'set_property' expects at least one object. [C:/Users/tiago/OneDrive/Desktop/Universidade/Mestrado/PSD/Laboratorios/Lab2/project_2/project_2.srcs/constrs_1/imports/Lab0/Basys3_Master.xdc:116]
Resolution: If [get_<value>] was used to populate the object, check to make sure this command returns at least one valid object.
WARNING: [Vivado 12-584] No ports matched 'btnR'. [C:/Users/tiago/OneDrive/Desktop/Universidade/Mestrado/PSD/Laboratorios/Lab2/project_2/project_2.srcs/constrs_1/imports/Lab0/Basys3_Master.xdc:117]
CRITICAL WARNING: [Common 17-55] 'set_property' expects at least one object. [C:/Users/tiago/OneDrive/Desktop/Universidade/Mestrado/PSD/Laboratorios/Lab2/project_2/project_2.srcs/constrs_1/imports/Lab0/Basys3_Master.xdc:117]
Resolution: If [get_<value>] was used to populate the object, check to make sure this command returns at least one valid object.
WARNING: [Vivado 12-584] No ports matched 'btnR'. [C:/Users/tiago/OneDrive/Desktop/Universidade/Mestrado/PSD/Laboratorios/Lab2/project_2/project_2.srcs/constrs_1/imports/Lab0/Basys3_Master.xdc:118]
CRITICAL WARNING: [Common 17-55] 'set_property' expects at least one object. [C:/Users/tiago/OneDrive/Desktop/Universidade/Mestrado/PSD/Laboratorios/Lab2/project_2/project_2.srcs/constrs_1/imports/Lab0/Basys3_Master.xdc:118]
Resolution: If [get_<value>] was used to populate the object, check to make sure this command returns at least one valid object.
WARNING: [Vivado 12-584] No ports matched 'btnD'. [C:/Users/tiago/OneDrive/Desktop/Universidade/Mestrado/PSD/Laboratorios/Lab2/project_2/project_2.srcs/constrs_1/imports/Lab0/Basys3_Master.xdc:119]
CRITICAL WARNING: [Common 17-55] 'set_property' expects at least one object. [C:/Users/tiago/OneDrive/Desktop/Universidade/Mestrado/PSD/Laboratorios/Lab2/project_2/project_2.srcs/constrs_1/imports/Lab0/Basys3_Master.xdc:119]
Resolution: If [get_<value>] was used to populate the object, check to make sure this command returns at least one valid object.
WARNING: [Vivado 12-584] No ports matched 'btnD'. [C:/Users/tiago/OneDrive/Desktop/Universidade/Mestrado/PSD/Laboratorios/Lab2/project_2/project_2.srcs/constrs_1/imports/Lab0/Basys3_Master.xdc:120]
CRITICAL WARNING: [Common 17-55] 'set_property' expects at least one object. [C:/Users/tiago/OneDrive/Desktop/Universidade/Mestrado/PSD/Laboratorios/Lab2/project_2/project_2.srcs/constrs_1/imports/Lab0/Basys3_Master.xdc:120]
Resolution: If [get_<value>] was used to populate the object, check to make sure this command returns at least one valid object.
Finished Parsing XDC File [C:/Users/tiago/OneDrive/Desktop/Universidade/Mestrado/PSD/Laboratorios/Lab2/project_2/project_2.srcs/constrs_1/imports/Lab0/Basys3_Master.xdc]
INFO: [Project 1-236] Implementation specific constraints were found while reading constraint file [C:/Users/tiago/OneDrive/Desktop/Universidade/Mestrado/PSD/Laboratorios/Lab2/project_2/project_2.srcs/constrs_1/imports/Lab0/Basys3_Master.xdc]. These constraints will be ignored for synthesis but will be used in implementation. Impacted constraints are listed in the file [.Xil/circuit_propImpl.xdc].
Resolution: To avoid this warning, move constraints listed in [.Xil/circuit_propImpl.xdc] to another XDC file and exclude this new file from synthesis with the used_in_synthesis property (File Properties dialog in GUI) and re-run elaboration/synthesis.
Completed Processing XDC Constraints

Netlist sorting complete. Time (s): cpu = 00:00:00 ; elapsed = 00:00:00.001 . Memory (MB): peak = 1168.875 ; gain = 0.000
INFO: [Project 1-111] Unisim Transformation Summary:
No Unisim elements were transformed.

Constraint Validation Runtime : Time (s): cpu = 00:00:00 ; elapsed = 00:00:00.003 . Memory (MB): peak = 1168.875 ; gain = 0.000
---------------------------------------------------------------------------------
Finished Constraint Validation : Time (s): cpu = 00:00:10 ; elapsed = 00:00:10 . Memory (MB): peak = 1168.875 ; gain = 0.000
---------------------------------------------------------------------------------
---------------------------------------------------------------------------------
Start Loading Part and Timing Information
---------------------------------------------------------------------------------
Loading part: xc7a35tcpg236-1
---------------------------------------------------------------------------------
Finished Loading Part and Timing Information : Time (s): cpu = 00:00:10 ; elapsed = 00:00:10 . Memory (MB): peak = 1168.875 ; gain = 0.000
---------------------------------------------------------------------------------
---------------------------------------------------------------------------------
Start Applying 'set_property' XDC Constraints
---------------------------------------------------------------------------------
---------------------------------------------------------------------------------
Finished applying 'set_property' XDC Constraints : Time (s): cpu = 00:00:10 ; elapsed = 00:00:11 . Memory (MB): peak = 1168.875 ; gain = 0.000
---------------------------------------------------------------------------------
INFO: [Synth 8-802] inferred FSM for state register 'currstate_reg' in module 'control'
---------------------------------------------------------------------------------------------------
                   State |                     New Encoding |                Previous Encoding 
---------------------------------------------------------------------------------------------------
               s_initial |                              000 |                              000
                     s_1 |                              001 |                              010
                     s_2 |                              010 |                              011
                     s_3 |                              011 |                              100
                     s_4 |                              100 |                              101
                   s_end |                              101 |                              001
---------------------------------------------------------------------------------------------------
INFO: [Synth 8-3354] encoded FSM with state register 'currstate_reg' using encoding 'sequential' in module 'control'
---------------------------------------------------------------------------------
Finished RTL Optimization Phase 2 : Time (s): cpu = 00:00:10 ; elapsed = 00:00:11 . Memory (MB): peak = 1168.875 ; gain = 0.000
---------------------------------------------------------------------------------
---------------------------------------------------------------------------------
Start RTL Component Statistics 
---------------------------------------------------------------------------------
Detailed RTL Component Info : 
+---Adders : 
	   3 Input   19 Bit       Adders := 1     
	   2 Input   19 Bit       Adders := 1     
	   3 Input   18 Bit       Adders := 1     
+---Registers : 
	               19 Bit    Registers := 2     
	               18 Bit    Registers := 2     
	                8 Bit    Registers := 8     
+---Muxes : 
	   2 Input   19 Bit        Muxes := 5     
	   2 Input   18 Bit        Muxes := 5     
	   6 Input    3 Bit        Muxes := 1     
	   6 Input    2 Bit        Muxes := 1     
	   6 Input    1 Bit        Muxes := 2     
---------------------------------------------------------------------------------
Finished RTL Component Statistics 
---------------------------------------------------------------------------------
---------------------------------------------------------------------------------
Start Part Resource Summary
---------------------------------------------------------------------------------
Part Resources:
DSPs: 90 (col length:60)
BRAMs: 100 (col length: RAMB18 60 RAMB36 30)
---------------------------------------------------------------------------------
Finished Part Resource Summary
---------------------------------------------------------------------------------
---------------------------------------------------------------------------------
Start Cross Boundary and Area Optimization
---------------------------------------------------------------------------------
---------------------------------------------------------------------------------
Finished Cross Boundary and Area Optimization : Time (s): cpu = 00:00:12 ; elapsed = 00:00:13 . Memory (MB): peak = 1168.875 ; gain = 0.000
---------------------------------------------------------------------------------
---------------------------------------------------------------------------------
Start Applying XDC Timing Constraints
---------------------------------------------------------------------------------
---------------------------------------------------------------------------------
Finished Applying XDC Timing Constraints : Time (s): cpu = 00:00:17 ; elapsed = 00:00:18 . Memory (MB): peak = 1168.875 ; gain = 0.000
---------------------------------------------------------------------------------
---------------------------------------------------------------------------------
Start Timing Optimization
---------------------------------------------------------------------------------
---------------------------------------------------------------------------------
Finished Timing Optimization : Time (s): cpu = 00:00:17 ; elapsed = 00:00:18 . Memory (MB): peak = 1168.875 ; gain = 0.000
---------------------------------------------------------------------------------
---------------------------------------------------------------------------------
Start Technology Mapping
---------------------------------------------------------------------------------
---------------------------------------------------------------------------------
Finished Technology Mapping : Time (s): cpu = 00:00:17 ; elapsed = 00:00:18 . Memory (MB): peak = 1168.875 ; gain = 0.000
---------------------------------------------------------------------------------
---------------------------------------------------------------------------------
Start IO Insertion
---------------------------------------------------------------------------------
---------------------------------------------------------------------------------
Start Flattening Before IO Insertion
---------------------------------------------------------------------------------
---------------------------------------------------------------------------------
Finished Flattening Before IO Insertion
---------------------------------------------------------------------------------
---------------------------------------------------------------------------------
Start Final Netlist Cleanup
---------------------------------------------------------------------------------
---------------------------------------------------------------------------------
Finished Final Netlist Cleanup
---------------------------------------------------------------------------------
---------------------------------------------------------------------------------
Finished IO Insertion : Time (s): cpu = 00:00:20 ; elapsed = 00:00:21 . Memory (MB): peak = 1168.875 ; gain = 0.000
---------------------------------------------------------------------------------
---------------------------------------------------------------------------------
Start Renaming Generated Instances
---------------------------------------------------------------------------------
---------------------------------------------------------------------------------
Finished Renaming Generated Instances : Time (s): cpu = 00:00:20 ; elapsed = 00:00:21 . Memory (MB): peak = 1168.875 ; gain = 0.000
---------------------------------------------------------------------------------
---------------------------------------------------------------------------------
Start Rebuilding User Hierarchy
---------------------------------------------------------------------------------
---------------------------------------------------------------------------------
Finished Rebuilding User Hierarchy : Time (s): cpu = 00:00:20 ; elapsed = 00:00:21 . Memory (MB): peak = 1168.875 ; gain = 0.000
---------------------------------------------------------------------------------
---------------------------------------------------------------------------------
Start Renaming Generated Ports
---------------------------------------------------------------------------------
---------------------------------------------------------------------------------
Finished Renaming Generated Ports : Time (s): cpu = 00:00:20 ; elapsed = 00:00:21 . Memory (MB): peak = 1168.875 ; gain = 0.000
---------------------------------------------------------------------------------
---------------------------------------------------------------------------------
Start Handling Custom Attributes
---------------------------------------------------------------------------------
---------------------------------------------------------------------------------
Finished Handling Custom Attributes : Time (s): cpu = 00:00:20 ; elapsed = 00:00:21 . Memory (MB): peak = 1168.875 ; gain = 0.000
---------------------------------------------------------------------------------
---------------------------------------------------------------------------------
Start Renaming Generated Nets
---------------------------------------------------------------------------------
---------------------------------------------------------------------------------
Finished Renaming Generated Nets : Time (s): cpu = 00:00:20 ; elapsed = 00:00:21 . Memory (MB): peak = 1168.875 ; gain = 0.000
---------------------------------------------------------------------------------
---------------------------------------------------------------------------------
Start Writing Synthesis Report
---------------------------------------------------------------------------------

Report BlackBoxes: 
+-+--------------+----------+
| |BlackBox name |Instances |
+-+--------------+----------+
+-+--------------+----------+

Report Cell Usage: 
+------+-------+------+
|      |Cell   |Count |
+------+-------+------+
|1     |BUFG   |     1|
|2     |CARRY4 |    29|
|3     |LUT2   |    38|
|4     |LUT3   |    27|
|5     |LUT4   |    27|
|6     |LUT5   |    38|
|7     |LUT6   |    83|
|8     |FDRE   |   113|
|9     |IBUF   |    67|
|10    |OBUF   |    13|
+------+-------+------+
---------------------------------------------------------------------------------
Finished Writing Synthesis Report : Time (s): cpu = 00:00:20 ; elapsed = 00:00:21 . Memory (MB): peak = 1168.875 ; gain = 0.000
---------------------------------------------------------------------------------
Synthesis finished with 0 errors, 0 critical warnings and 0 warnings.
Synthesis Optimization Runtime : Time (s): cpu = 00:00:14 ; elapsed = 00:00:19 . Memory (MB): peak = 1168.875 ; gain = 0.000
Synthesis Optimization Complete : Time (s): cpu = 00:00:20 ; elapsed = 00:00:21 . Memory (MB): peak = 1168.875 ; gain = 0.000
INFO: [Project 1-571] Translating synthesized netlist
Netlist sorting complete. Time (s): cpu = 00:00:00 ; elapsed = 00:00:00.006 . Memory (MB): peak = 1168.875 ; gain = 0.000
INFO: [Netlist 29-17] Analyzing 29 Unisim elements for replacement
INFO: [Netlist 29-28] Unisim Transformation completed in 0 CPU seconds
INFO: [Project 1-570] Preparing netlist for logic optimization
INFO: [Opt 31-138] Pushed 0 inverter(s) to 0 load pin(s).
Netlist sorting complete. Time (s): cpu = 00:00:00 ; elapsed = 00:00:00 . Memory (MB): peak = 1168.875 ; gain = 0.000
INFO: [Project 1-111] Unisim Transformation Summary:
No Unisim elements were transformed.

Synth Design complete, checksum: a97d8496
INFO: [Common 17-83] Releasing license: Synthesis
25 Infos, 99 Warnings, 98 Critical Warnings and 0 Errors encountered.
synth_design completed successfully
synth_design: Time (s): cpu = 00:00:23 ; elapsed = 00:00:25 . Memory (MB): peak = 1168.875 ; gain = 0.000
INFO: [runtcl-6] Synthesis results are not added to the cache due to CRITICAL_WARNING
INFO: [Common 17-1381] The checkpoint 'C:/Users/tiago/OneDrive/Desktop/Universidade/Mestrado/PSD/Laboratorios/Lab2/project_2/project_2.runs/synth_1/circuit.dcp' has been generated.
INFO: [runtcl-4] Executing : report_utilization -file circuit_utilization_synth.rpt -pb circuit_utilization_synth.pb
INFO: [Common 17-206] Exiting Vivado at Fri Oct 29 13:44:36 2021...
